# JRE version: Java(TM) SE Runtime Environment (7.0_79-b15) (build 1.7.0_79-b15)
# Java VM: Java HotSpot(TM) 64-Bit Server VM (24.79-b02 mixed mode windows-amd64 compressed oops)
Heap
 PSYoungGen      total 34816K, used 33832K [0x00000000d9d00000, 0x00000000de100000, 0x0000000100000000)
  eden space 30208K, 96% used [0x00000000d9d00000,0x00000000db98c100,0x00000000dba80000)
  from space 4608K, 99% used [0x00000000dbf00000,0x00000000dc37e2e8,0x00000000dc380000)
  to   space 4608K, 0% used [0x00000000dba80000,0x00000000dba80000,0x00000000dbf00000)
 ParOldGen       total 77824K, used 2525K [0x000000008d800000, 0x0000000092400000, 0x00000000d9d00000)
  object space 77824K, 3% used [0x000000008d800000,0x000000008da77460,0x0000000092400000)
 PSPermGen       total 21504K, used 14930K [0x0000000088600000, 0x0000000089b00000, 0x000000008d800000)
  object space 21504K, 69% used [0x0000000088600000,0x0000000089494a38,0x0000000089b00000)
GC Heap History (4 events):
Event: 1.292 GC heap before
{Heap before GC invocations=1 (full 0):
 PSYoungGen      total 34816K, used 30208K [0x00000000d9d00000, 0x00000000dc380000, 0x0000000100000000)
  eden space 30208K, 100% used [0x00000000d9d00000,0x00000000dba80000,0x00000000dba80000)
  from space 4608K, 0% used [0x00000000dbf00000,0x00000000dbf00000,0x00000000dc380000)
  to   space 4608K, 0% used [0x00000000dba80000,0x00000000dba80000,0x00000000dbf00000)
 ParOldGen       total 77824K, used 0K [0x000000008d800000, 0x0000000092400000, 0x00000000d9d00000)
  object space 77824K, 0% used [0x000000008d800000,0x000000008d800000,0x0000000092400000)
 PSPermGen       total 21504K, used 8082K [0x0000000088600000, 0x0000000089b00000, 0x000000008d800000)
  object space 21504K, 37% used [0x0000000088600000,0x0000000088de48b0,0x0000000089b00000)
Event: 1.301 GC heap after
Heap after GC invocations=1 (full 0):
 PSYoungGen      total 34816K, used 4604K [0x00000000d9d00000, 0x00000000dc380000, 0x0000000100000000)
  eden space 30208K, 0% used [0x00000000d9d00000,0x00000000d9d00000,0x00000000dba80000)
  from space 4608K, 99% used [0x00000000dba80000,0x00000000dbeff3a8,0x00000000dbf00000)
  to   space 4608K, 0% used [0x00000000dbf00000,0x00000000dbf00000,0x00000000dc380000)
 ParOldGen       total 77824K, used 96K [0x000000008d800000, 0x0000000092400000, 0x00000000d9d00000)
  object space 77824K, 0% used [0x000000008d800000,0x000000008d818238,0x0000000092400000)
 PSPermGen       total 21504K, used 8082K [0x0000000088600000, 0x0000000089b00000, 0x000000008d800000)
  object space 21504K, 37% used [0x0000000088600000,0x0000000088de48b0,0x0000000089b00000)
}
Event: 2.057 GC heap before
{Heap before GC invocations=2 (full 0):
 PSYoungGen      total 34816K, used 34812K [0x00000000d9d00000, 0x00000000dc380000, 0x0000000100000000)
  eden space 30208K, 100% used [0x00000000d9d00000,0x00000000dba80000,0x00000000dba80000)
  from space 4608K, 99% used [0x00000000dba80000,0x00000000dbeff3a8,0x00000000dbf00000)
  to   space 4608K, 0% used [0x00000000dbf00000,0x00000000dbf00000,0x00000000dc380000)
 ParOldGen       total 77824K, used 96K [0x000000008d800000, 0x0000000092400000, 0x00000000d9d00000)
  object space 77824K, 0% used [0x000000008d800000,0x000000008d818238,0x0000000092400000)
 PSPermGen       total 21504K, used 12056K [0x0000000088600000, 0x0000000089b00000, 0x000000008d800000)
  object space 21504K, 56% used [0x0000000088600000,0x00000000891c6228,0x0000000089b00000)
Event: 2.068 GC heap after
Heap after GC invocations=2 (full 0):
 PSYoungGen      total 34816K, used 4600K [0x00000000d9d00000, 0x00000000de100000, 0x0000000100000000)
  eden space 30208K, 0% used [0x00000000d9d00000,0x00000000d9d00000,0x00000000dba80000)
  from space 4608K, 99% used [0x00000000dbf00000,0x00000000dc37e2e8,0x00000000dc380000)
  to   space 4608K, 0% used [0x00000000dba80000,0x00000000dba80000,0x00000000dbf00000)
 ParOldGen       total 77824K, used 2525K [0x000000008d800000, 0x0000000092400000, 0x00000000d9d00000)
  object space 77824K, 3% used [0x000000008d800000,0x000000008da77460,0x0000000092400000)
 PSPermGen       total 21504K, used 12056K [0x0000000088600000, 0x0000000089b00000, 0x000000008d800000)
  object space 21504K, 56% used [0x0000000088600000,0x00000000891c6228,0x0000000089b00000)
}

