# JRE version: Java(TM) SE Runtime Environment (7.0_79-b15) (build 1.7.0_79-b15)
# Java VM: Java HotSpot(TM) 64-Bit Server VM (24.79-b02 mixed mode windows-amd64 compressed oops)
Heap
 PSYoungGen      total 257024K, used 208665K [0x00000000d9d00000, 0x00000000ebd00000, 0x0000000100000000)
  eden space 225792K, 78% used [0x00000000d9d00000,0x00000000e4a4bef8,0x00000000e7980000)
  from space 31232K, 99% used [0x00000000e7980000,0x00000000e97fa520,0x00000000e9800000)
  to   space 24576K, 0% used [0x00000000e9800000,0x00000000e9800000,0x00000000eb000000)
 ParOldGen       total 124928K, used 69953K [0x000000008d800000, 0x0000000095200000, 0x00000000d9d00000)
  object space 124928K, 55% used [0x000000008d800000,0x0000000091c507c0,0x0000000095200000)
 PSPermGen       total 53760K, used 44639K [0x0000000088600000, 0x000000008ba80000, 0x000000008d800000)
  object space 53760K, 83% used [0x0000000088600000,0x000000008b197c28,0x000000008ba80000)
GC Heap History (10 events):
Event: 9.043 GC heap before
{Heap before GC invocations=8 (full 0):
 PSYoungGen      total 131072K, used 131065K [0x00000000d9d00000, 0x00000000eb000000, 0x0000000100000000)
  eden space 116224K, 100% used [0x00000000d9d00000,0x00000000e0e80000,0x00000000e0e80000)
  from space 14848K, 99% used [0x00000000e0e80000,0x00000000e1cfe780,0x00000000e1d00000)
  to   space 24576K, 0% used [0x00000000e9800000,0x00000000e9800000,0x00000000eb000000)
 ParOldGen       total 77824K, used 32989K [0x000000008d800000, 0x0000000092400000, 0x00000000d9d00000)
  object space 77824K, 42% used [0x000000008d800000,0x000000008f8375e8,0x0000000092400000)
 PSPermGen       total 27136K, used 26843K [0x0000000088600000, 0x000000008a080000, 0x000000008d800000)
  object space 27136K, 98% used [0x0000000088600000,0x000000008a036e98,0x000000008a080000)
Event: 9.081 GC heap after
Heap after GC invocations=8 (full 0):
 PSYoungGen      total 250368K, used 24568K [0x00000000d9d00000, 0x00000000ebd00000, 0x0000000100000000)
  eden space 225792K, 0% used [0x00000000d9d00000,0x00000000d9d00000,0x00000000e7980000)
  from space 24576K, 99% used [0x00000000e9800000,0x00000000eaffe228,0x00000000eb000000)
  to   space 31232K, 0% used [0x00000000e7980000,0x00000000e7980000,0x00000000e9800000)
 ParOldGen       total 77824K, used 38707K [0x000000008d800000, 0x0000000092400000, 0x00000000d9d00000)
  object space 77824K, 49% used [0x000000008d800000,0x000000008fdccc88,0x0000000092400000)
 PSPermGen       total 27136K, used 26843K [0x0000000088600000, 0x000000008a080000, 0x000000008d800000)
  object space 27136K, 98% used [0x0000000088600000,0x000000008a036e98,0x000000008a080000)
}
Event: 10.179 GC heap before
{Heap before GC invocations=9 (full 0):
 PSYoungGen      total 250368K, used 250360K [0x00000000d9d00000, 0x00000000ebd00000, 0x0000000100000000)
  eden space 225792K, 100% used [0x00000000d9d00000,0x00000000e7980000,0x00000000e7980000)
  from space 24576K, 99% used [0x00000000e9800000,0x00000000eaffe228,0x00000000eb000000)
  to   space 31232K, 0% used [0x00000000e7980000,0x00000000e7980000,0x00000000e9800000)
 ParOldGen       total 77824K, used 38707K [0x000000008d800000, 0x0000000092400000, 0x00000000d9d00000)
  object space 77824K, 49% used [0x000000008d800000,0x000000008fdccc88,0x0000000092400000)
 PSPermGen       total 27136K, used 26853K [0x0000000088600000, 0x000000008a080000, 0x000000008d800000)
  object space 27136K, 98% used [0x0000000088600000,0x000000008a039708,0x000000008a080000)
Event: 10.221 GC heap after
Heap after GC invocations=9 (full 0):
 PSYoungGen      total 257024K, used 31210K [0x00000000d9d00000, 0x00000000ebd00000, 0x0000000100000000)
  eden space 225792K, 0% used [0x00000000d9d00000,0x00000000d9d00000,0x00000000e7980000)
  from space 31232K, 99% used [0x00000000e7980000,0x00000000e97faa50,0x00000000e9800000)
  to   space 24576K, 0% used [0x00000000e9800000,0x00000000e9800000,0x00000000eb000000)
 ParOldGen       total 77824K, used 47283K [0x000000008d800000, 0x0000000092400000, 0x00000000d9d00000)
  object space 77824K, 60% used [0x000000008d800000,0x000000009062cd38,0x0000000092400000)
 PSPermGen       total 27136K, used 26853K [0x0000000088600000, 0x000000008a080000, 0x000000008d800000)
  object space 27136K, 98% used [0x0000000088600000,0x000000008a039708,0x000000008a080000)
}
Event: 11.065 GC heap before
{Heap before GC invocations=10 (full 0):
 PSYoungGen      total 257024K, used 257002K [0x00000000d9d00000, 0x00000000ebd00000, 0x0000000100000000)
  eden space 225792K, 100% used [0x00000000d9d00000,0x00000000e7980000,0x00000000e7980000)
  from space 31232K, 99% used [0x00000000e7980000,0x00000000e97faa50,0x00000000e9800000)
  to   space 24576K, 0% used [0x00000000e9800000,0x00000000e9800000,0x00000000eb000000)
 ParOldGen       total 77824K, used 47283K [0x000000008d800000, 0x0000000092400000, 0x00000000d9d00000)
  object space 77824K, 60% used [0x000000008d800000,0x000000009062cd38,0x0000000092400000)
 PSPermGen       total 27136K, used 26877K [0x0000000088600000, 0x000000008a080000, 0x000000008d800000)
  object space 27136K, 99% used [0x0000000088600000,0x000000008a03f7f0,0x000000008a080000)
Event: 11.114 GC heap after
Heap after GC invocations=10 (full 0):
 PSYoungGen      total 250368K, used 24556K [0x00000000d9d00000, 0x00000000ebd00000, 0x0000000100000000)
  eden space 225792K, 0% used [0x00000000d9d00000,0x00000000d9d00000,0x00000000e7980000)
  from space 24576K, 99% used [0x00000000e9800000,0x00000000eaffb028,0x00000000eb000000)
  to   space 31232K, 0% used [0x00000000e7980000,0x00000000e7980000,0x00000000e9800000)
 ParOldGen       total 77824K, used 69303K [0x000000008d800000, 0x0000000092400000, 0x00000000d9d00000)
  object space 77824K, 89% used [0x000000008d800000,0x0000000091baddf8,0x0000000092400000)
 PSPermGen       total 27136K, used 26877K [0x0000000088600000, 0x000000008a080000, 0x000000008d800000)
  object space 27136K, 99% used [0x0000000088600000,0x000000008a03f7f0,0x000000008a080000)
}
Event: 11.114 GC heap before
{Heap before GC invocations=11 (full 1):
 PSYoungGen      total 250368K, used 24556K [0x00000000d9d00000, 0x00000000ebd00000, 0x0000000100000000)
  eden space 225792K, 0% used [0x00000000d9d00000,0x00000000d9d00000,0x00000000e7980000)
  from space 24576K, 99% used [0x00000000e9800000,0x00000000eaffb028,0x00000000eb000000)
  to   space 31232K, 0% used [0x00000000e7980000,0x00000000e7980000,0x00000000e9800000)
 ParOldGen       total 77824K, used 69303K [0x000000008d800000, 0x0000000092400000, 0x00000000d9d00000)
  object space 77824K, 89% used [0x000000008d800000,0x0000000091baddf8,0x0000000092400000)
 PSPermGen       total 27136K, used 26877K [0x0000000088600000, 0x000000008a080000, 0x000000008d800000)
  object space 27136K, 99% used [0x0000000088600000,0x000000008a03f7f0,0x000000008a080000)
Event: 11.378 GC heap after
Heap after GC invocations=11 (full 1):
 PSYoungGen      total 250368K, used 0K [0x00000000d9d00000, 0x00000000ebd00000, 0x0000000100000000)
  eden space 225792K, 0% used [0x00000000d9d00000,0x00000000d9d00000,0x00000000e7980000)
  from space 24576K, 0% used [0x00000000e9800000,0x00000000e9800000,0x00000000eb000000)
  to   space 31232K, 0% used [0x00000000e7980000,0x00000000e7980000,0x00000000e9800000)
 ParOldGen       total 124928K, used 64269K [0x000000008d800000, 0x0000000095200000, 0x00000000d9d00000)
  object space 124928K, 51% used [0x000000008d800000,0x00000000916c36d8,0x0000000095200000)
 PSPermGen       total 53760K, used 26866K [0x0000000088600000, 0x000000008ba80000, 0x000000008d800000)
  object space 53760K, 49% used [0x0000000088600000,0x000000008a03cb50,0x000000008ba80000)
}
Event: 13.036 GC heap before
{Heap before GC invocations=12 (full 1):
 PSYoungGen      total 250368K, used 225792K [0x00000000d9d00000, 0x00000000ebd00000, 0x0000000100000000)
  eden space 225792K, 100% used [0x00000000d9d00000,0x00000000e7980000,0x00000000e7980000)
  from space 24576K, 0% used [0x00000000e9800000,0x00000000e9800000,0x00000000eb000000)
  to   space 31232K, 0% used [0x00000000e7980000,0x00000000e7980000,0x00000000e9800000)
 ParOldGen       total 124928K, used 64269K [0x000000008d800000, 0x0000000095200000, 0x00000000d9d00000)
  object space 124928K, 51% used [0x000000008d800000,0x00000000916c36d8,0x0000000095200000)
 PSPermGen       total 53760K, used 33615K [0x0000000088600000, 0x000000008ba80000, 0x000000008d800000)
  object space 53760K, 62% used [0x0000000088600000,0x000000008a6d3ca0,0x000000008ba80000)
Event: 13.070 GC heap after
Heap after GC invocations=12 (full 1):
 PSYoungGen      total 257024K, used 31209K [0x00000000d9d00000, 0x00000000ebd00000, 0x0000000100000000)
  eden space 225792K, 0% used [0x00000000d9d00000,0x00000000d9d00000,0x00000000e7980000)
  from space 31232K, 99% used [0x00000000e7980000,0x00000000e97fa520,0x00000000e9800000)
  to   space 24576K, 0% used [0x00000000e9800000,0x00000000e9800000,0x00000000eb000000)
 ParOldGen       total 124928K, used 69953K [0x000000008d800000, 0x0000000095200000, 0x00000000d9d00000)
  object space 124928K, 55% used [0x000000008d800000,0x0000000091c507c0,0x0000000095200000)
 PSPermGen       total 53760K, used 33615K [0x0000000088600000, 0x000000008ba80000, 0x000000008d800000)
  object space 53760K, 62% used [0x0000000088600000,0x000000008a6d3ca0,0x000000008ba80000)
}

