# JRE version: Java(TM) SE Runtime Environment (7.0_79-b15) (build 1.7.0_79-b15)
# Java VM: Java HotSpot(TM) 64-Bit Server VM (24.79-b02 mixed mode windows-amd64 compressed oops)
Heap
 PSYoungGen      total 404992K, used 197732K [0x00000000d9d00000, 0x0000000100000000, 0x0000000100000000)
  eden space 356864K, 55% used [0x00000000d9d00000,0x00000000e5e19070,0x00000000ef980000)
  from space 48128K, 0% used [0x00000000ef980000,0x00000000ef980000,0x00000000f2880000)
  to   space 51712K, 0% used [0x00000000fcd80000,0x00000000fcd80000,0x0000000100000000)
 ParOldGen       total 114176K, used 59863K [0x000000008d800000, 0x0000000094780000, 0x00000000d9d00000)
  object space 114176K, 52% used [0x000000008d800000,0x0000000091275e28,0x0000000094780000)
 PSPermGen       total 81920K, used 51597K [0x0000000088600000, 0x000000008d600000, 0x000000008d800000)
  object space 81920K, 62% used [0x0000000088600000,0x000000008b863758,0x000000008d600000)
GC Heap History (10 events):
Event: 10.599 GC heap before
{Heap before GC invocations=8 (full 0):
 PSYoungGen      total 131072K, used 131064K [0x00000000d9d00000, 0x00000000eb000000, 0x0000000100000000)
  eden space 116736K, 100% used [0x00000000d9d00000,0x00000000e0f00000,0x00000000e0f00000)
  from space 14336K, 99% used [0x00000000e0f00000,0x00000000e1cfe028,0x00000000e1d00000)
  to   space 24064K, 0% used [0x00000000e9880000,0x00000000e9880000,0x00000000eb000000)
 ParOldGen       total 77824K, used 32378K [0x000000008d800000, 0x0000000092400000, 0x00000000d9d00000)
  object space 77824K, 41% used [0x000000008d800000,0x000000008f79e8b0,0x0000000092400000)
 PSPermGen       total 27136K, used 26743K [0x0000000088600000, 0x000000008a080000, 0x000000008d800000)
  object space 27136K, 98% used [0x0000000088600000,0x000000008a01dda8,0x000000008a080000)
Event: 10.643 GC heap after
Heap after GC invocations=8 (full 0):
 PSYoungGen      total 250880K, used 24045K [0x00000000d9d00000, 0x00000000ebd00000, 0x0000000100000000)
  eden space 226816K, 0% used [0x00000000d9d00000,0x00000000d9d00000,0x00000000e7a80000)
  from space 24064K, 99% used [0x00000000e9880000,0x00000000eaffb590,0x00000000eb000000)
  to   space 30720K, 0% used [0x00000000e7a80000,0x00000000e7a80000,0x00000000e9880000)
 ParOldGen       total 77824K, used 37769K [0x000000008d800000, 0x0000000092400000, 0x00000000d9d00000)
  object space 77824K, 48% used [0x000000008d800000,0x000000008fce25e0,0x0000000092400000)
 PSPermGen       total 27136K, used 26743K [0x0000000088600000, 0x000000008a080000, 0x000000008d800000)
  object space 27136K, 98% used [0x0000000088600000,0x000000008a01dda8,0x000000008a080000)
}
Event: 12.263 GC heap before
{Heap before GC invocations=9 (full 0):
 PSYoungGen      total 250880K, used 250861K [0x00000000d9d00000, 0x00000000ebd00000, 0x0000000100000000)
  eden space 226816K, 100% used [0x00000000d9d00000,0x00000000e7a80000,0x00000000e7a80000)
  from space 24064K, 99% used [0x00000000e9880000,0x00000000eaffb590,0x00000000eb000000)
  to   space 30720K, 0% used [0x00000000e7a80000,0x00000000e7a80000,0x00000000e9880000)
 ParOldGen       total 77824K, used 37769K [0x000000008d800000, 0x0000000092400000, 0x00000000d9d00000)
  object space 77824K, 48% used [0x000000008d800000,0x000000008fce25e0,0x0000000092400000)
 PSPermGen       total 27136K, used 26754K [0x0000000088600000, 0x000000008a080000, 0x000000008d800000)
  object space 27136K, 98% used [0x0000000088600000,0x000000008a020be8,0x000000008a080000)
Event: 12.350 GC heap after
Heap after GC invocations=9 (full 0):
 PSYoungGen      total 257536K, used 30699K [0x00000000d9d00000, 0x00000000f5180000, 0x0000000100000000)
  eden space 226816K, 0% used [0x00000000d9d00000,0x00000000d9d00000,0x00000000e7a80000)
  from space 30720K, 99% used [0x00000000e7a80000,0x00000000e987ac70,0x00000000e9880000)
  to   space 41984K, 0% used [0x00000000f2880000,0x00000000f2880000,0x00000000f5180000)
 ParOldGen       total 77824K, used 53638K [0x000000008d800000, 0x0000000092400000, 0x00000000d9d00000)
  object space 77824K, 68% used [0x000000008d800000,0x0000000090c61ad8,0x0000000092400000)
 PSPermGen       total 27136K, used 26754K [0x0000000088600000, 0x000000008a080000, 0x000000008d800000)
  object space 27136K, 98% used [0x0000000088600000,0x000000008a020be8,0x000000008a080000)
}
Event: 13.568 GC heap before
{Heap before GC invocations=10 (full 0):
 PSYoungGen      total 257536K, used 257515K [0x00000000d9d00000, 0x00000000f5180000, 0x0000000100000000)
  eden space 226816K, 100% used [0x00000000d9d00000,0x00000000e7a80000,0x00000000e7a80000)
  from space 30720K, 99% used [0x00000000e7a80000,0x00000000e987ac70,0x00000000e9880000)
  to   space 41984K, 0% used [0x00000000f2880000,0x00000000f2880000,0x00000000f5180000)
 ParOldGen       total 77824K, used 53638K [0x000000008d800000, 0x0000000092400000, 0x00000000d9d00000)
  object space 77824K, 68% used [0x000000008d800000,0x0000000090c61ad8,0x0000000092400000)
 PSPermGen       total 27136K, used 26776K [0x0000000088600000, 0x000000008a080000, 0x000000008d800000)
  object space 27136K, 98% used [0x0000000088600000,0x000000008a026238,0x000000008a080000)
Event: 13.626 GC heap after
Heap after GC invocations=10 (full 0):
 PSYoungGen      total 398848K, used 39938K [0x00000000d9d00000, 0x00000000f5d80000, 0x0000000100000000)
  eden space 356864K, 0% used [0x00000000d9d00000,0x00000000d9d00000,0x00000000ef980000)
  from space 41984K, 95% used [0x00000000f2880000,0x00000000f4f80bd8,0x00000000f5180000)
  to   space 48128K, 0% used [0x00000000ef980000,0x00000000ef980000,0x00000000f2880000)
 ParOldGen       total 77824K, used 58563K [0x000000008d800000, 0x0000000092400000, 0x00000000d9d00000)
  object space 77824K, 75% used [0x000000008d800000,0x0000000091130f80,0x0000000092400000)
 PSPermGen       total 27136K, used 26776K [0x0000000088600000, 0x000000008a080000, 0x000000008d800000)
  object space 27136K, 98% used [0x0000000088600000,0x000000008a026238,0x000000008a080000)
}
Event: 27.806 GC heap before
{Heap before GC invocations=11 (full 0):
 PSYoungGen      total 398848K, used 396802K [0x00000000d9d00000, 0x00000000f5d80000, 0x0000000100000000)
  eden space 356864K, 100% used [0x00000000d9d00000,0x00000000ef980000,0x00000000ef980000)
  from space 41984K, 95% used [0x00000000f2880000,0x00000000f4f80bd8,0x00000000f5180000)
  to   space 48128K, 0% used [0x00000000ef980000,0x00000000ef980000,0x00000000f2880000)
 ParOldGen       total 77824K, used 58563K [0x000000008d800000, 0x0000000092400000, 0x00000000d9d00000)
  object space 77824K, 75% used [0x000000008d800000,0x0000000091130f80,0x0000000092400000)
 PSPermGen       total 40960K, used 40912K [0x0000000088600000, 0x000000008ae00000, 0x000000008d800000)
  object space 40960K, 99% used [0x0000000088600000,0x000000008adf42d8,0x000000008ae00000)
Event: 27.857 GC heap after
Heap after GC invocations=11 (full 0):
 PSYoungGen      total 404992K, used 36587K [0x00000000d9d00000, 0x0000000100000000, 0x0000000100000000)
  eden space 356864K, 0% used [0x00000000d9d00000,0x00000000d9d00000,0x00000000ef980000)
  from space 48128K, 76% used [0x00000000ef980000,0x00000000f1d3af28,0x00000000f2880000)
  to   space 51712K, 0% used [0x00000000fcd80000,0x00000000fcd80000,0x0000000100000000)
 ParOldGen       total 77824K, used 65741K [0x000000008d800000, 0x0000000092400000, 0x00000000d9d00000)
  object space 77824K, 84% used [0x000000008d800000,0x0000000091833628,0x0000000092400000)
 PSPermGen       total 40960K, used 40912K [0x0000000088600000, 0x000000008ae00000, 0x000000008d800000)
  object space 40960K, 99% used [0x0000000088600000,0x000000008adf42d8,0x000000008ae00000)
}
Event: 27.857 GC heap before
{Heap before GC invocations=12 (full 1):
 PSYoungGen      total 404992K, used 36587K [0x00000000d9d00000, 0x0000000100000000, 0x0000000100000000)
  eden space 356864K, 0% used [0x00000000d9d00000,0x00000000d9d00000,0x00000000ef980000)
  from space 48128K, 76% used [0x00000000ef980000,0x00000000f1d3af28,0x00000000f2880000)
  to   space 51712K, 0% used [0x00000000fcd80000,0x00000000fcd80000,0x0000000100000000)
 ParOldGen       total 77824K, used 65741K [0x000000008d800000, 0x0000000092400000, 0x00000000d9d00000)
  object space 77824K, 84% used [0x000000008d800000,0x0000000091833628,0x0000000092400000)
 PSPermGen       total 40960K, used 40912K [0x0000000088600000, 0x000000008ae00000, 0x000000008d800000)
  object space 40960K, 99% used [0x0000000088600000,0x000000008adf42d8,0x000000008ae00000)
Event: 28.186 GC heap after
Heap after GC invocations=12 (full 1):
 PSYoungGen      total 404992K, used 0K [0x00000000d9d00000, 0x0000000100000000, 0x0000000100000000)
  eden space 356864K, 0% used [0x00000000d9d00000,0x00000000d9d00000,0x00000000ef980000)
  from space 48128K, 0% used [0x00000000ef980000,0x00000000ef980000,0x00000000f2880000)
  to   space 51712K, 0% used [0x00000000fcd80000,0x00000000fcd80000,0x0000000100000000)
 ParOldGen       total 114176K, used 59863K [0x000000008d800000, 0x0000000094780000, 0x00000000d9d00000)
  object space 114176K, 52% used [0x000000008d800000,0x0000000091275e28,0x0000000094780000)
 PSPermGen       total 81920K, used 40895K [0x0000000088600000, 0x000000008d600000, 0x000000008d800000)
  object space 81920K, 49% used [0x0000000088600000,0x000000008adefc00,0x000000008d600000)
}

